<?xml version="1.0" encoding="UTF-8"?>
<!-- Generated by org.testng.reporters.JUnitReportReporter -->
<testsuite hostname="Alis-MacBook-Pro.local" failures="0" tests="2" name="inaracademy.MavenJava.SeleniumTest" time="0.000" errors="0" timestamp="2020-12-16T23:37:08 CET" skipped="0">
  <testcase classname="inaracademy.MavenJava.SeleniumTest" name="BrowserAutomation" time="0.000"/>
  <system-out/>
  <testcase classname="inaracademy.MavenJava.SeleniumTest" name="elementsUI" time="0.000"/>
  <system-out/>
</testsuite> <!-- inaracademy.MavenJava.SeleniumTest -->
