<?xml version="1.0" encoding="UTF-8"?>
<!-- Generated by org.testng.reporters.JUnitReportReporter -->
<testsuite hostname="Alis-MacBook-Pro.local" failures="0" tests="1" name="inaracademy.MavenJava.AppiumTest" time="0.001" errors="0" timestamp="2020-12-16T23:37:08 CET" skipped="0">
  <testcase classname="inaracademy.MavenJava.AppiumTest" name="portJira" time="0.001"/>
  <system-out/>
</testsuite> <!-- inaracademy.MavenJava.AppiumTest -->
