<?xml version="1.0" encoding="UTF-8"?>
<!-- Generated by org.testng.reporters.JUnitReportReporter -->
<testsuite hostname="Alis-MacBook-Pro.local" failures="0" tests="1" name="inaracademy.MavenJava.AppTest" time="0.005" errors="0" timestamp="2020-12-16T23:37:08 CET" skipped="0">
  <testcase classname="inaracademy.MavenJava.AppTest" name="shouldAnswerWithTrue" time="0.005"/>
  <system-out/>
</testsuite> <!-- inaracademy.MavenJava.AppTest -->
